zakaria/RehabilitationTool/app/build/outputs/logs/manifest-merger-debug-report.txt
-- Merging decision tree log ---
manifest
ADDED from src\main\AndroidManifest.xml:2:1-59:12
INJECTED from src\main\AndroidManifest.xml:2:1-59:12
INJECTED from src\main\AndroidManifest.xml:2:1-59:12
INJECTED from src\main\AndroidManifest.xml:2:1-59:12
MERGED from [com.android.support:multidex:1.0.2] AndroidManifest.xml:17:1-22:12
MERGED from [com.android.support:design:28.0.0] AndroidManifest.xml:17:1-24:12
MERGED from [com.afollestad.material-dialogs:core:0.9.4.5] AndroidManifest.xml:2:1-15:12
MERGED from [me.zhanghai.android.materialprogressbar:library:1.4.1] AndroidManifest.xml:6:1-16:12
MERGED from [com.android.support:appcompat-v7:28.0.0] AndroidManifest.xml:17:1-22:12
MERGED from [com.android.support.constraint:constraint-layout:1.1.3] AndroidManifest.xml:2:1-11:12
MERGED from [com.android.support:recyclerview-v7:28.0.0] AndroidManifest.xml:17:1-22:12
MERGED from [com.android.support:cardview-v7:28.0.0] AndroidManifest.xml:17:1-22:12
MERGED from [de.hdodenhof:circleimageview:2.2.0] AndroidManifest.xml:2:1-11:12
MERGED from [com.github.siyamed:android-shape-imageview:0.9.3] AndroidManifest.xml:2:1-12:12
MERGED from [io.paperdb:paperdb:2.5] AndroidManifest.xml:2:1-14:12
MERGED from [com.android.support:gridlayout-v7:28.0.0] AndroidManifest.xml:17:1-22:12
MERGED from [com.android.support:support-fragment:28.0.0] AndroidManifest.xml:17:1-22:12
MERGED from [com.android.support:animated-vector-drawable:28.0.0] AndroidManifest.xml:17:1-22:12
MERGED from [com.android.support:support-core-ui:28.0.0] AndroidManifest.xml:17:1-22:12
MERGED from [com.android.support:support-core-utils:28.0.0] AndroidManifest.xml:17:1-22:12
MERGED from [com.android.support:transition:28.0.0] AndroidManifest.xml:17:1-22:12
MERGED from [com.android.support:loader:28.0.0] AndroidManifest.xml:17:1-22:12
MERGED from [com.android.support:viewpager:28.0.0] AndroidManifest.xml:17:1-22:12
MERGED from [com.android.support:coordinatorlayout:28.0.0] AndroidManifest.xml:17:1-22:12
MERGED from [com.android.support:drawerlayout:28.0.0] AndroidManifest.xml:17:1-22:12
MERGED from [com.android.support:slidingpanelayout:28.0.0] AndroidManifest.xml:17:1-22:12
MERGED from [com.android.support:customview:28.0.0] AndroidManifest.xml:17:1-22:12
MERGED from [com.android.support:swiperefreshlayout:28.0.0] AndroidManifest.xml:17:1-22:12
MERGED from [com.android.support:asynclayoutinflater:28.0.0] AndroidManifest.xml:17:1-22:12
MERGED from [com.android.support:support-vector-drawable:28.0.0] AndroidManifest.xml:17:1-22:12
MERGED from [com.android.support:support-compat:28.0.0] AndroidManifest.xml:17:1-24:12
MERGED from [com.android.support:versionedparcelable:28.0.0] AndroidManifest.xml:17:1-25:12
MERGED from [android.arch.lifecycle:runtime:1.1.1] AndroidManifest.xml:17:1-22:12
MERGED from [com.android.support:documentfile:28.0.0] AndroidManifest.xml:17:1-22:12
MERGED from [com.android.support:localbroadcastmanager:28.0.0] AndroidManifest.xml:17:1-22:12
MERGED from [com.android.support:print:28.0.0] AndroidManifest.xml:17:1-22:12
MERGED from [com.android.support:interpolator:28.0.0] AndroidManifest.xml:17:1-22:12
MERGED from [com.android.support:cursoradapter:28.0.0] AndroidManifest.xml:17:1-22:12
MERGED from [android.arch.lifecycle:livedata:1.1.1] AndroidManifest.xml:17:1-22:12
MERGED from [android.arch.lifecycle:livedata-core:1.1.1] AndroidManifest.xml:17:1-22:12
MERGED from [android.arch.core:runtime:1.1.1] AndroidManifest.xml:17:1-22:12
MERGED from [android.arch.lifecycle:viewmodel:1.1.1] AndroidManifest.xml:17:1-22:12
INJECTED from src\main\AndroidManifest.xml:2:1-59:12
INJECTED from src\main\AndroidManifest.xml:2:1-59:12
INJECTED from src\main\AndroidManifest.xml:2:1-59:12
	package
		ADDED from src\main\AndroidManifest.xml:3:5-58
		INJECTED from src\main\AndroidManifest.xml
		INJECTED from src\main\AndroidManifest.xml
	android:versionName
		INJECTED from src\main\AndroidManifest.xml
		ADDED from src\main\AndroidManifest.xml:2:1-59:12
		INJECTED from src\main\AndroidManifest.xml
	android:versionCode
		INJECTED from src\main\AndroidManifest.xml
		ADDED from src\main\AndroidManifest.xml:2:1-59:12
		INJECTED from src\main\AndroidManifest.xml
	xmlns:android
		ADDED from src\main\AndroidManifest.xml:2:11-69
uses-feature#android.hardware.camera
ADDED from src\main\AndroidManifest.xml:5:5-7:35
	android:required
		ADDED from src\main\AndroidManifest.xml:7:9-32
	android:name
		ADDED from src\main\AndroidManifest.xml:6:9-47
uses-permission#android.permission.WRITE_EXTERNAL_STORAGE
ADDED from src\main\AndroidManifest.xml:9:5-81
	android:name
		ADDED from src\main\AndroidManifest.xml:9:22-78
uses-permission#android.permission.RECORD_AUDIO
ADDED from src\main\AndroidManifest.xml:10:5-71
	android:name
		ADDED from src\main\AndroidManifest.xml:10:22-68
uses-permission#android.permission.READ_EXTERNAL_STORAGE
ADDED from src\main\AndroidManifest.xml:11:5-80
	android:name
		ADDED from src\main\AndroidManifest.xml:11:22-77
uses-permission#android.permission.STORAGE
ADDED from src\main\AndroidManifest.xml:12:5-66
	android:name
		ADDED from src\main\AndroidManifest.xml:12:22-63
application
ADDED from src\main\AndroidManifest.xml:14:5-57:19
MERGED from [com.android.support:design:28.0.0] AndroidManifest.xml:22:5-20
MERGED from [com.android.support:design:28.0.0] AndroidManifest.xml:22:5-20
MERGED from [com.afollestad.material-dialogs:core:0.9.4.5] AndroidManifest.xml:13:5-20
MERGED from [com.afollestad.material-dialogs:core:0.9.4.5] AndroidManifest.xml:13:5-20
MERGED from [com.android.support.constraint:constraint-layout:1.1.3] AndroidManifest.xml:9:5-20
MERGED from [com.android.support.constraint:constraint-layout:1.1.3] AndroidManifest.xml:9:5-20
MERGED from [de.hdodenhof:circleimageview:2.2.0] AndroidManifest.xml:9:5-20
MERGED from [de.hdodenhof:circleimageview:2.2.0] AndroidManifest.xml:9:5-20
MERGED from [io.paperdb:paperdb:2.5] AndroidManifest.xml:12:5-20
MERGED from [io.paperdb:paperdb:2.5] AndroidManifest.xml:12:5-20
MERGED from [com.android.support:support-compat:28.0.0] AndroidManifest.xml:22:5-94
MERGED from [com.android.support:support-compat:28.0.0] AndroidManifest.xml:22:5-94
MERGED from [com.android.support:versionedparcelable:28.0.0] AndroidManifest.xml:22:5-23:19
MERGED from [com.android.support:versionedparcelable:28.0.0] AndroidManifest.xml:22:5-23:19
	android:appComponentFactory
		ADDED from [com.android.support:support-compat:28.0.0] AndroidManifest.xml:22:18-91
	android:supportsRtl
		ADDED from src\main\AndroidManifest.xml:22:9-36
	android:label
		ADDED from src\main\AndroidManifest.xml:19:9-29
	android:hardwareAccelerated
		ADDED from src\main\AndroidManifest.xml:17:9-43
	android:roundIcon
		ADDED from src\main\AndroidManifest.xml:21:9-43
	android:largeHeap
		ADDED from src\main\AndroidManifest.xml:20:9-33
	android:icon
		ADDED from src\main\AndroidManifest.xml:18:9-38
	android:allowBackup
		ADDED from src\main\AndroidManifest.xml:16:9-35
	android:theme
		ADDED from src\main\AndroidManifest.xml:23:9-40
	android:name
		ADDED from src\main\AndroidManifest.xml:15:9-39
activity#com.rehabilitationtoolgp.rehabilitationtool.MainActivity
ADDED from src\main\AndroidManifest.xml:24:9-30:20
	android:name
		ADDED from src\main\AndroidManifest.xml:24:19-47
intent-filter#action:name:android.intent.action.MAIN+category:name:android.intent.category.LAUNCHER
ADDED from src\main\AndroidManifest.xml:25:13-29:29
action#android.intent.action.MAIN
ADDED from src\main\AndroidManifest.xml:26:17-69
	android:name
		ADDED from src\main\AndroidManifest.xml:26:25-66
category#android.intent.category.LAUNCHER
ADDED from src\main\AndroidManifest.xml:28:17-77
	android:name
		ADDED from src\main\AndroidManifest.xml:28:27-74
activity#com.rehabilitationtoolgp.rehabilitationtool.FOODS
ADDED from src\main\AndroidManifest.xml:31:9-43
	android:name
		ADDED from src\main\AndroidManifest.xml:31:19-40
activity#com.rehabilitationtoolgp.rehabilitationtool.CLOTHES
ADDED from src\main\AndroidManifest.xml:32:9-45
	android:name
		ADDED from src\main\AndroidManifest.xml:32:19-42
activity#com.rehabilitationtoolgp.rehabilitationtool.PLACES
ADDED from src\main\AndroidManifest.xml:33:9-44
	android:name
		ADDED from src\main\AndroidManifest.xml:33:19-41
activity#com.rehabilitationtoolgp.rehabilitationtool.DRINKS
ADDED from src\main\AndroidManifest.xml:34:9-44
	android:name
		ADDED from src\main\AndroidManifest.xml:34:19-41
activity#com.rehabilitationtoolgp.rehabilitationtool.VEGETABLES
ADDED from src\main\AndroidManifest.xml:35:9-48
	android:name
		ADDED from src\main\AndroidManifest.xml:35:19-45
activity#com.rehabilitationtoolgp.rehabilitationtool.FRUIT
ADDED from src\main\AndroidManifest.xml:36:9-43
	android:name
		ADDED from src\main\AndroidManifest.xml:36:19-40
activity#com.rehabilitationtoolgp.rehabilitationtool.CREATCARD
ADDED from src\main\AndroidManifest.xml:37:9-47
	android:name
		ADDED from src\main\AndroidManifest.xml:37:19-44
activity#com.rehabilitationtoolgp.rehabilitationtool.DIRECTIONS
ADDED from src\main\AndroidManifest.xml:38:9-48
	android:name
		ADDED from src\main\AndroidManifest.xml:38:19-45
activity#com.rehabilitationtoolgp.rehabilitationtool.TIME
ADDED from src\main\AndroidManifest.xml:39:9-42
	android:name
		ADDED from src\main\AndroidManifest.xml:39:19-39
activity#com.rehabilitationtoolgp.rehabilitationtool.FAMILY
ADDED from src\main\AndroidManifest.xml:40:9-44
	android:name
		ADDED from src\main\AndroidManifest.xml:40:19-41
activity#com.rehabilitationtoolgp.rehabilitationtool.TOOLS
ADDED from src\main\AndroidManifest.xml:41:9-43
	android:name
		ADDED from src\main\AndroidManifest.xml:41:19-40
activity#com.rehabilitationtoolgp.rehabilitationtool.TRANSPORTATION
ADDED from src\main\AndroidManifest.xml:42:9-52
	android:name
		ADDED from src\main\AndroidManifest.xml:42:19-49
activity#com.rehabilitationtoolgp.rehabilitationtool.PRACTICING
ADDED from src\main\AndroidManifest.xml:43:9-48
	android:name
		ADDED from src\main\AndroidManifest.xml:43:19-45
activity#com.rehabilitationtoolgp.rehabilitationtool.RAA
ADDED from src\main\AndroidManifest.xml:44:9-41
	android:name
		ADDED from src\main\AndroidManifest.xml:44:19-38
activity#com.rehabilitationtoolgp.rehabilitationtool.SEEN
ADDED from src\main\AndroidManifest.xml:45:9-42
	android:name
		ADDED from src\main\AndroidManifest.xml:45:19-39
activity#com.rehabilitationtoolgp.rehabilitationtool.qaaf
ADDED from src\main\AndroidManifest.xml:46:9-42
	android:name
		ADDED from src\main\AndroidManifest.xml:46:19-39
activity#com.rehabilitationtoolgp.rehabilitationtool.kaaf
ADDED from src\main\AndroidManifest.xml:47:9-42
	android:name
		ADDED from src\main\AndroidManifest.xml:47:19-39
activity#com.rehabilitationtoolgp.rehabilitationtool.geem
ADDED from src\main\AndroidManifest.xml:48:9-42
	android:name
		ADDED from src\main\AndroidManifest.xml:48:19-39
activity#com.rehabilitationtoolgp.rehabilitationtool.laam
ADDED from src\main\AndroidManifest.xml:49:9-42
	android:name
		ADDED from src\main\AndroidManifest.xml:49:19-39
activity#com.rehabilitationtoolgp.rehabilitationtool.CardList
ADDED from src\main\AndroidManifest.xml:50:9-46
	android:name
		ADDED from src\main\AndroidManifest.xml:50:19-43
activity#com.rehabilitationtoolgp.rehabilitationtool.UpdateCard
ADDED from src\main\AndroidManifest.xml:51:9-48
	android:name
		ADDED from src\main\AndroidManifest.xml:51:19-45
activity#com.rehabilitationtoolgp.rehabilitationtool.Animals
ADDED from src\main\AndroidManifest.xml:52:9-45
	android:name
		ADDED from src\main\AndroidManifest.xml:52:19-42
activity#com.rehabilitationtoolgp.rehabilitationtool.Feelings
ADDED from src\main\AndroidManifest.xml:53:9-46
	android:name
		ADDED from src\main\AndroidManifest.xml:53:19-43
activity#com.rehabilitationtoolgp.rehabilitationtool.Questions
ADDED from src\main\AndroidManifest.xml:54:9-47
	android:name
		ADDED from src\main\AndroidManifest.xml:54:19-44
activity#com.rehabilitationtoolgp.rehabilitationtool.ACTIONS
ADDED from src\main\AndroidManifest.xml:55:9-45
	android:name
		ADDED from src\main\AndroidManifest.xml:55:19-42
activity#com.rehabilitationtoolgp.rehabilitationtool.Main2Activity
ADDED from src\main\AndroidManifest.xml:56:9-60
	android:name
		ADDED from src\main\AndroidManifest.xml:56:19-48
uses-sdk
INJECTED from src\main\AndroidManifest.xml reason: use-sdk injection requested
INJECTED from src\main\AndroidManifest.xml
INJECTED from src\main\AndroidManifest.xml
MERGED from [com.android.support:multidex:1.0.2] AndroidManifest.xml:20:5-43
MERGED from [com.android.support:multidex:1.0.2] AndroidManifest.xml:20:5-43
MERGED from [com.android.support:design:28.0.0] AndroidManifest.xml:20:5-44
MERGED from [com.android.support:design:28.0.0] AndroidManifest.xml:20:5-44
MERGED from [com.afollestad.material-dialogs:core:0.9.4.5] AndroidManifest.xml:8:5-11:75
MERGED from [com.afollestad.material-dialogs:core:0.9.4.5] AndroidManifest.xml:8:5-11:75
MERGED from [me.zhanghai.android.materialprogressbar:library:1.4.1] AndroidManifest.xml:12:5-14:41
MERGED from [me.zhanghai.android.materialprogressbar:library:1.4.1] AndroidManifest.xml:12:5-14:41
MERGED from [com.android.support:appcompat-v7:28.0.0] AndroidManifest.xml:20:5-44
MERGED from [com.android.support:appcompat-v7:28.0.0] AndroidManifest.xml:20:5-44
MERGED from [com.android.support.constraint:constraint-layout:1.1.3] AndroidManifest.xml:5:5-7:41
MERGED from [com.android.support.constraint:constraint-layout:1.1.3] AndroidManifest.xml:5:5-7:41
MERGED from [com.android.support:recyclerview-v7:28.0.0] AndroidManifest.xml:20:5-44
MERGED from [com.android.support:recyclerview-v7:28.0.0] AndroidManifest.xml:20:5-44
MERGED from [com.android.support:cardview-v7:28.0.0] AndroidManifest.xml:20:5-44
MERGED from [com.android.support:cardview-v7:28.0.0] AndroidManifest.xml:20:5-44
MERGED from [de.hdodenhof:circleimageview:2.2.0] AndroidManifest.xml:5:5-7:41
MERGED from [de.hdodenhof:circleimageview:2.2.0] AndroidManifest.xml:5:5-7:41
MERGED from [com.github.siyamed:android-shape-imageview:0.9.3] AndroidManifest.xml:8:5-10:41
MERGED from [com.github.siyamed:android-shape-imageview:0.9.3] AndroidManifest.xml:8:5-10:41
MERGED from [io.paperdb:paperdb:2.5] AndroidManifest.xml:8:5-10:41
MERGED from [io.paperdb:paperdb:2.5] AndroidManifest.xml:8:5-10:41
MERGED from [com.android.support:gridlayout-v7:28.0.0] AndroidManifest.xml:20:5-44
MERGED from [com.android.support:gridlayout-v7:28.0.0] AndroidManifest.xml:20:5-44
MERGED from [com.android.support:support-fragment:28.0.0] AndroidManifest.xml:20:5-44
MERGED from [com.android.support:support-fragment:28.0.0] AndroidManifest.xml:20:5-44
MERGED from [com.android.support:animated-vector-drawable:28.0.0] AndroidManifest.xml:20:5-44
MERGED from [com.android.support:animated-vector-drawable:28.0.0] AndroidManifest.xml:20:5-44
MERGED from [com.android.support:support-core-ui:28.0.0] AndroidManifest.xml:20:5-44
MERGED from [com.android.support:support-core-ui:28.0.0] AndroidManifest.xml:20:5-44
MERGED from [com.android.support:support-core-utils:28.0.0] AndroidManifest.xml:20:5-44
MERGED from [com.android.support:support-core-utils:28.0.0] AndroidManifest.xml:20:5-44
MERGED from [com.android.support:transition:28.0.0] AndroidManifest.xml:20:5-44
MERGED from [com.android.support:transition:28.0.0] AndroidManifest.xml:20:5-44
MERGED from [com.android.support:loader:28.0.0] AndroidManifest.xml:20:5-44
MERGED from [com.android.support:loader:28.0.0] AndroidManifest.xml:20:5-44
MERGED from [com.android.support:viewpager:28.0.0] AndroidManifest.xml:20:5-44
MERGED from [com.android.support:viewpager:28.0.0] AndroidManifest.xml:20:5-44
MERGED from [com.android.support:coordinatorlayout:28.0.0] AndroidManifest.xml:20:5-44
MERGED from [com.android.support:coordinatorlayout:28.0.0] AndroidManifest.xml:20:5-44
MERGED from [com.android.support:drawerlayout:28.0.0] AndroidManifest.xml:20:5-44
MERGED from [com.android.support:drawerlayout:28.0.0] AndroidManifest.xml:20:5-44
MERGED from [com.android.support:slidingpanelayout:28.0.0] AndroidManifest.xml:20:5-44
MERGED from [com.android.support:slidingpanelayout:28.0.0] AndroidManifest.xml:20:5-44
MERGED from [com.android.support:customview:28.0.0] AndroidManifest.xml:20:5-44
MERGED from [com.android.support:customview:28.0.0] AndroidManifest.xml:20:5-44
MERGED from [com.android.support:swiperefreshlayout:28.0.0] AndroidManifest.xml:20:5-44
MERGED from [com.android.support:swiperefreshlayout:28.0.0] AndroidManifest.xml:20:5-44
MERGED from [com.android.support:asynclayoutinflater:28.0.0] AndroidManifest.xml:20:5-44
MERGED from [com.android.support:asynclayoutinflater:28.0.0] AndroidManifest.xml:20:5-44
MERGED from [com.android.support:support-vector-drawable:28.0.0] AndroidManifest.xml:20:5-44
MERGED from [com.android.support:support-vector-drawable:28.0.0] AndroidManifest.xml:20:5-44
MERGED from [com.android.support:support-compat:28.0.0] AndroidManifest.xml:20:5-44
MERGED from [com.android.support:support-compat:28.0.0] AndroidManifest.xml:20:5-44
MERGED from [com.android.support:versionedparcelable:28.0.0] AndroidManifest.xml:20:5-44
MERGED from [com.android.support:versionedparcelable:28.0.0] AndroidManifest.xml:20:5-44
MERGED from [android.arch.lifecycle:runtime:1.1.1] AndroidManifest.xml:20:5-44
MERGED from [android.arch.lifecycle:runtime:1.1.1] AndroidManifest.xml:20:5-44
MERGED from [com.android.support:documentfile:28.0.0] AndroidManifest.xml:20:5-44
MERGED from [com.android.support:documentfile:28.0.0] AndroidManifest.xml:20:5-44
MERGED from [com.android.support:localbroadcastmanager:28.0.0] AndroidManifest.xml:20:5-44
MERGED from [com.android.support:localbroadcastmanager:28.0.0] AndroidManifest.xml:20:5-44
MERGED from [com.android.support:print:28.0.0] AndroidManifest.xml:20:5-44
MERGED from [com.android.support:print:28.0.0] AndroidManifest.xml:20:5-44
MERGED from [com.android.support:interpolator:28.0.0] AndroidManifest.xml:20:5-44
MERGED from [com.android.support:interpolator:28.0.0] AndroidManifest.xml:20:5-44
MERGED from [com.android.support:cursoradapter:28.0.0] AndroidManifest.xml:20:5-44
MERGED from [com.android.support:cursoradapter:28.0.0] AndroidManifest.xml:20:5-44
MERGED from [android.arch.lifecycle:livedata:1.1.1] AndroidManifest.xml:20:5-44
MERGED from [android.arch.lifecycle:livedata:1.1.1] AndroidManifest.xml:20:5-44
MERGED from [android.arch.lifecycle:livedata-core:1.1.1] AndroidManifest.xml:20:5-44
MERGED from [android.arch.lifecycle:livedata-core:1.1.1] AndroidManifest.xml:20:5-44
MERGED from [android.arch.core:runtime:1.1.1] AndroidManifest.xml:20:5-44
MERGED from [android.arch.core:runtime:1.1.1] AndroidManifest.xml:20:5-44
MERGED from [android.arch.lifecycle:viewmodel:1.1.1] AndroidManifest.xml:20:5-44
MERGED from [android.arch.lifecycle:viewmodel:1.1.1] AndroidManifest.xml:20:5-44
INJECTED from src\main\AndroidManifest.xml
INJECTED from src\main\AndroidManifest.xml
	tools:overrideLibrary
		ADDED from [com.afollestad.material-dialogs:core:0.9.4.5] AndroidManifest.xml:11:9-72
	android:targetSdkVersion
		INJECTED from src\main\AndroidManifest.xml
		ADDED from src\main\AndroidManifest.xml
		INJECTED from src\main\AndroidManifest.xml
	android:minSdkVersion
		INJECTED from src\main\AndroidManifest.xml
		ADDED from src\main\AndroidManifest.xml
		INJECTED from src\main\AndroidManifest.xml